mode: atomic
github.com/krinklesaurus/jwt-proxy/provider/facebook.go:16.98,27.2 1 1
github.com/krinklesaurus/jwt-proxy/provider/facebook.go:35.61,37.2 1 1
github.com/krinklesaurus/jwt-proxy/provider/facebook.go:39.46,41.2 1 0
github.com/krinklesaurus/jwt-proxy/provider/facebook.go:43.51,47.16 3 0
github.com/krinklesaurus/jwt-proxy/provider/facebook.go:50.2,52.16 3 0
github.com/krinklesaurus/jwt-proxy/provider/facebook.go:56.2,61.25 5 0
github.com/krinklesaurus/jwt-proxy/provider/facebook.go:47.16,49.3 1 0
github.com/krinklesaurus/jwt-proxy/provider/facebook.go:52.16,54.3 1 0
github.com/krinklesaurus/jwt-proxy/provider/facebook.go:64.94,66.16 2 0
github.com/krinklesaurus/jwt-proxy/provider/facebook.go:69.2,70.21 2 0
github.com/krinklesaurus/jwt-proxy/provider/facebook.go:66.16,68.3 1 0
github.com/krinklesaurus/jwt-proxy/provider/facebook.go:73.42,75.2 1 0
github.com/krinklesaurus/jwt-proxy/provider/facebook.go:77.44,92.16 3 0
github.com/krinklesaurus/jwt-proxy/provider/facebook.go:96.2,96.18 1 0
github.com/krinklesaurus/jwt-proxy/provider/facebook.go:92.16,95.3 2 0
github.com/krinklesaurus/jwt-proxy/provider/github.go:16.96,27.2 2 1
github.com/krinklesaurus/jwt-proxy/provider/github.go:39.59,41.2 1 1
github.com/krinklesaurus/jwt-proxy/provider/github.go:43.44,45.2 1 0
github.com/krinklesaurus/jwt-proxy/provider/github.go:47.49,51.16 3 0
github.com/krinklesaurus/jwt-proxy/provider/github.go:54.2,56.16 3 0
github.com/krinklesaurus/jwt-proxy/provider/github.go:60.2,63.16 4 0
github.com/krinklesaurus/jwt-proxy/provider/github.go:66.2,68.28 2 0
github.com/krinklesaurus/jwt-proxy/provider/github.go:51.16,53.3 1 0
github.com/krinklesaurus/jwt-proxy/provider/github.go:56.16,58.3 1 0
github.com/krinklesaurus/jwt-proxy/provider/github.go:63.16,65.3 1 0
github.com/krinklesaurus/jwt-proxy/provider/github.go:71.92,73.16 2 0
github.com/krinklesaurus/jwt-proxy/provider/github.go:77.2,77.54 1 0
github.com/krinklesaurus/jwt-proxy/provider/github.go:81.2,82.21 2 0
github.com/krinklesaurus/jwt-proxy/provider/github.go:73.16,75.3 1 0
github.com/krinklesaurus/jwt-proxy/provider/github.go:77.54,79.3 1 0
github.com/krinklesaurus/jwt-proxy/provider/github.go:85.40,87.2 1 0
github.com/krinklesaurus/jwt-proxy/provider/github.go:89.42,104.16 3 0
github.com/krinklesaurus/jwt-proxy/provider/github.go:108.2,108.18 1 0
github.com/krinklesaurus/jwt-proxy/provider/github.go:104.16,107.3 2 0
github.com/krinklesaurus/jwt-proxy/provider/google.go:16.96,26.2 1 1
github.com/krinklesaurus/jwt-proxy/provider/google.go:34.59,36.2 1 1
github.com/krinklesaurus/jwt-proxy/provider/google.go:38.44,40.2 1 0
github.com/krinklesaurus/jwt-proxy/provider/google.go:42.49,46.16 3 0
github.com/krinklesaurus/jwt-proxy/provider/google.go:49.2,51.16 3 0
github.com/krinklesaurus/jwt-proxy/provider/google.go:55.2,60.25 5 0
github.com/krinklesaurus/jwt-proxy/provider/google.go:46.16,48.3 1 0
github.com/krinklesaurus/jwt-proxy/provider/google.go:51.16,53.3 1 0
github.com/krinklesaurus/jwt-proxy/provider/google.go:63.92,65.16 2 0
github.com/krinklesaurus/jwt-proxy/provider/google.go:68.2,69.21 2 0
github.com/krinklesaurus/jwt-proxy/provider/google.go:65.16,67.3 1 0
github.com/krinklesaurus/jwt-proxy/provider/google.go:72.40,74.2 1 0
github.com/krinklesaurus/jwt-proxy/provider/google.go:76.42,91.16 3 0
github.com/krinklesaurus/jwt-proxy/provider/google.go:95.2,95.18 1 0
github.com/krinklesaurus/jwt-proxy/provider/google.go:91.16,94.3 2 0
github.com/krinklesaurus/jwt-proxy/config/config.go:57.53,58.22 1 2
github.com/krinklesaurus/jwt-proxy/config/config.go:65.2,70.44 5 2
github.com/krinklesaurus/jwt-proxy/config/config.go:74.2,76.16 3 2
github.com/krinklesaurus/jwt-proxy/config/config.go:79.2,82.47 3 2
github.com/krinklesaurus/jwt-proxy/config/config.go:111.2,114.24 4 2
github.com/krinklesaurus/jwt-proxy/config/config.go:125.2,126.18 2 2
github.com/krinklesaurus/jwt-proxy/config/config.go:129.2,130.16 2 2
github.com/krinklesaurus/jwt-proxy/config/config.go:134.2,137.25 4 2
github.com/krinklesaurus/jwt-proxy/config/config.go:148.2,150.16 3 2
github.com/krinklesaurus/jwt-proxy/config/config.go:154.2,164.45 1 2
github.com/krinklesaurus/jwt-proxy/config/config.go:58.22,60.3 1 2
github.com/krinklesaurus/jwt-proxy/config/config.go:60.8,63.3 2 0
github.com/krinklesaurus/jwt-proxy/config/config.go:70.44,72.3 1 0
github.com/krinklesaurus/jwt-proxy/config/config.go:76.16,78.3 1 0
github.com/krinklesaurus/jwt-proxy/config/config.go:82.47,83.14 1 6
github.com/krinklesaurus/jwt-proxy/config/config.go:84.17,91.5 1 2
github.com/krinklesaurus/jwt-proxy/config/config.go:92.19,98.5 1 2
github.com/krinklesaurus/jwt-proxy/config/config.go:99.17,105.5 1 2
github.com/krinklesaurus/jwt-proxy/config/config.go:106.11,107.49 1 0
github.com/krinklesaurus/jwt-proxy/config/config.go:114.24,115.29 1 2
github.com/krinklesaurus/jwt-proxy/config/config.go:118.3,119.17 2 2
github.com/krinklesaurus/jwt-proxy/config/config.go:115.29,117.4 1 0
github.com/krinklesaurus/jwt-proxy/config/config.go:119.17,121.4 1 0
github.com/krinklesaurus/jwt-proxy/config/config.go:122.8,124.3 1 0
github.com/krinklesaurus/jwt-proxy/config/config.go:126.18,128.3 1 0
github.com/krinklesaurus/jwt-proxy/config/config.go:130.16,132.3 1 0
github.com/krinklesaurus/jwt-proxy/config/config.go:137.25,138.30 1 2
github.com/krinklesaurus/jwt-proxy/config/config.go:141.3,142.17 2 2
github.com/krinklesaurus/jwt-proxy/config/config.go:138.30,140.4 1 0
github.com/krinklesaurus/jwt-proxy/config/config.go:142.17,144.4 1 0
github.com/krinklesaurus/jwt-proxy/config/config.go:145.8,147.3 1 0
github.com/krinklesaurus/jwt-proxy/config/config.go:150.16,152.3 1 0
github.com/krinklesaurus/jwt-proxy/config/config.go:168.34,170.32 2 0
github.com/krinklesaurus/jwt-proxy/config/config.go:173.2,173.182 1 0
github.com/krinklesaurus/jwt-proxy/config/config.go:170.32,172.3 1 0
github.com/krinklesaurus/jwt-proxy/core/core.go:51.90,54.2 2 2
github.com/krinklesaurus/jwt-proxy/core/core.go:63.47,66.16 3 1
github.com/krinklesaurus/jwt-proxy/core/core.go:70.2,81.18 4 1
github.com/krinklesaurus/jwt-proxy/core/core.go:66.16,68.3 1 0
github.com/krinklesaurus/jwt-proxy/core/core.go:84.81,89.16 4 1
github.com/krinklesaurus/jwt-proxy/core/core.go:93.2,96.16 3 1
github.com/krinklesaurus/jwt-proxy/core/core.go:99.2,100.16 2 1
github.com/krinklesaurus/jwt-proxy/core/core.go:104.2,105.19 2 1
github.com/krinklesaurus/jwt-proxy/core/core.go:89.16,91.3 1 0
github.com/krinklesaurus/jwt-proxy/core/core.go:96.16,98.3 1 0
github.com/krinklesaurus/jwt-proxy/core/core.go:100.16,102.3 1 0
github.com/krinklesaurus/jwt-proxy/core/core.go:108.61,119.36 8 1
github.com/krinklesaurus/jwt-proxy/core/core.go:122.2,131.20 8 1
github.com/krinklesaurus/jwt-proxy/core/core.go:119.36,121.3 1 1
github.com/krinklesaurus/jwt-proxy/core/core.go:134.60,137.16 2 1
github.com/krinklesaurus/jwt-proxy/core/core.go:140.2,140.15 1 1
github.com/krinklesaurus/jwt-proxy/core/core.go:137.16,139.3 1 0
github.com/krinklesaurus/jwt-proxy/core/core.go:143.37,145.2 1 0
github.com/krinklesaurus/jwt-proxy/core/core.go:147.36,149.2 1 0
github.com/krinklesaurus/jwt-proxy/core/core.go:151.37,153.38 2 0
github.com/krinklesaurus/jwt-proxy/core/core.go:156.2,156.13 1 0
github.com/krinklesaurus/jwt-proxy/core/core.go:153.38,155.3 1 0
github.com/krinklesaurus/jwt-proxy/core/core.go:159.64,163.2 3 0
github.com/krinklesaurus/jwt-proxy/core/rsatokenizer.go:10.93,12.2 1 1
github.com/krinklesaurus/jwt-proxy/core/rsatokenizer.go:19.81,22.2 2 1
github.com/krinklesaurus/jwt-proxy/user/hashuserservice.go:15.94,23.2 5 1
github.com/krinklesaurus/jwt-proxy/user/hashuserservice.go:25.82,28.16 2 2
github.com/krinklesaurus/jwt-proxy/user/hashuserservice.go:32.2,33.16 2 2
github.com/krinklesaurus/jwt-proxy/user/hashuserservice.go:37.2,37.12 1 1
github.com/krinklesaurus/jwt-proxy/user/hashuserservice.go:28.16,30.3 1 0
github.com/krinklesaurus/jwt-proxy/user/hashuserservice.go:33.16,35.3 1 1
github.com/krinklesaurus/jwt-proxy/user/plainuserservice.go:11.95,13.2 1 2
