mode: atomic
github.com/krinklesaurus/jwt_proxy/provider/facebook.go:17.102,27.2 1 1
github.com/krinklesaurus/jwt_proxy/provider/facebook.go:34.61,36.2 1 1
github.com/krinklesaurus/jwt_proxy/provider/facebook.go:38.59,42.16 3 0
github.com/krinklesaurus/jwt_proxy/provider/facebook.go:45.2,47.16 3 0
github.com/krinklesaurus/jwt_proxy/provider/facebook.go:51.2,56.25 5 0
github.com/krinklesaurus/jwt_proxy/provider/facebook.go:42.16,44.3 1 0
github.com/krinklesaurus/jwt_proxy/provider/facebook.go:47.16,49.3 1 0
github.com/krinklesaurus/jwt_proxy/provider/facebook.go:59.94,61.16 2 0
github.com/krinklesaurus/jwt_proxy/provider/facebook.go:64.2,65.21 2 0
github.com/krinklesaurus/jwt_proxy/provider/facebook.go:61.16,63.3 1 0
github.com/krinklesaurus/jwt_proxy/provider/facebook.go:68.42,70.2 1 0
github.com/krinklesaurus/jwt_proxy/provider/facebook.go:72.44,87.16 3 0
github.com/krinklesaurus/jwt_proxy/provider/facebook.go:91.2,91.18 1 0
github.com/krinklesaurus/jwt_proxy/provider/facebook.go:87.16,90.3 2 0
github.com/krinklesaurus/jwt_proxy/provider/github.go:17.100,25.2 1 0
github.com/krinklesaurus/jwt_proxy/provider/github.go:32.59,34.2 1 0
github.com/krinklesaurus/jwt_proxy/provider/github.go:36.57,40.16 3 0
github.com/krinklesaurus/jwt_proxy/provider/github.go:43.2,45.16 3 0
github.com/krinklesaurus/jwt_proxy/provider/github.go:49.2,54.25 5 0
github.com/krinklesaurus/jwt_proxy/provider/github.go:40.16,42.3 1 0
github.com/krinklesaurus/jwt_proxy/provider/github.go:45.16,47.3 1 0
github.com/krinklesaurus/jwt_proxy/provider/github.go:57.92,59.16 2 0
github.com/krinklesaurus/jwt_proxy/provider/github.go:62.2,63.21 2 0
github.com/krinklesaurus/jwt_proxy/provider/github.go:59.16,61.3 1 0
github.com/krinklesaurus/jwt_proxy/provider/github.go:66.40,68.2 1 0
github.com/krinklesaurus/jwt_proxy/provider/github.go:70.42,85.16 3 0
github.com/krinklesaurus/jwt_proxy/provider/github.go:89.2,89.18 1 0
github.com/krinklesaurus/jwt_proxy/provider/github.go:85.16,88.3 2 0
github.com/krinklesaurus/jwt_proxy/provider/google.go:17.100,25.2 1 0
github.com/krinklesaurus/jwt_proxy/provider/google.go:32.59,34.2 1 0
github.com/krinklesaurus/jwt_proxy/provider/google.go:36.57,40.16 3 0
github.com/krinklesaurus/jwt_proxy/provider/google.go:43.2,45.16 3 0
github.com/krinklesaurus/jwt_proxy/provider/google.go:49.2,54.25 5 0
github.com/krinklesaurus/jwt_proxy/provider/google.go:40.16,42.3 1 0
github.com/krinklesaurus/jwt_proxy/provider/google.go:45.16,47.3 1 0
github.com/krinklesaurus/jwt_proxy/provider/google.go:57.92,59.16 2 0
github.com/krinklesaurus/jwt_proxy/provider/google.go:62.2,63.21 2 0
github.com/krinklesaurus/jwt_proxy/provider/google.go:59.16,61.3 1 0
github.com/krinklesaurus/jwt_proxy/provider/google.go:66.40,68.2 1 0
github.com/krinklesaurus/jwt_proxy/provider/google.go:70.42,85.16 3 0
github.com/krinklesaurus/jwt_proxy/provider/google.go:89.2,89.18 1 0
github.com/krinklesaurus/jwt_proxy/provider/google.go:85.16,88.3 2 0
github.com/krinklesaurus/jwt_proxy/config/config.go:16.57,17.22 1 2
github.com/krinklesaurus/jwt_proxy/config/config.go:25.2,28.45 3 2
github.com/krinklesaurus/jwt_proxy/config/config.go:32.2,33.19 2 2
github.com/krinklesaurus/jwt_proxy/config/config.go:37.2,38.23 2 2
github.com/krinklesaurus/jwt_proxy/config/config.go:42.2,45.25 3 2
github.com/krinklesaurus/jwt_proxy/config/config.go:54.2,55.25 2 2
github.com/krinklesaurus/jwt_proxy/config/config.go:64.2,65.27 2 2
github.com/krinklesaurus/jwt_proxy/config/config.go:74.2,74.25 1 2
github.com/krinklesaurus/jwt_proxy/config/config.go:78.2,83.28 5 2
github.com/krinklesaurus/jwt_proxy/config/config.go:86.2,87.26 2 2
github.com/krinklesaurus/jwt_proxy/config/config.go:91.2,92.25 2 2
github.com/krinklesaurus/jwt_proxy/config/config.go:95.2,96.16 2 2
github.com/krinklesaurus/jwt_proxy/config/config.go:99.2,101.16 3 2
github.com/krinklesaurus/jwt_proxy/config/config.go:105.2,106.26 2 2
github.com/krinklesaurus/jwt_proxy/config/config.go:109.2,110.16 2 2
github.com/krinklesaurus/jwt_proxy/config/config.go:113.2,115.16 3 2
github.com/krinklesaurus/jwt_proxy/config/config.go:119.2,127.31 1 2
github.com/krinklesaurus/jwt_proxy/config/config.go:17.22,19.3 1 2
github.com/krinklesaurus/jwt_proxy/config/config.go:19.8,23.3 3 0
github.com/krinklesaurus/jwt_proxy/config/config.go:28.45,30.3 1 0
github.com/krinklesaurus/jwt_proxy/config/config.go:33.19,35.3 1 0
github.com/krinklesaurus/jwt_proxy/config/config.go:38.23,40.3 1 0
github.com/krinklesaurus/jwt_proxy/config/config.go:45.25,52.3 1 2
github.com/krinklesaurus/jwt_proxy/config/config.go:55.25,62.3 1 2
github.com/krinklesaurus/jwt_proxy/config/config.go:65.27,72.3 1 2
github.com/krinklesaurus/jwt_proxy/config/config.go:74.25,76.3 1 0
github.com/krinklesaurus/jwt_proxy/config/config.go:83.28,85.3 1 0
github.com/krinklesaurus/jwt_proxy/config/config.go:87.26,89.3 1 0
github.com/krinklesaurus/jwt_proxy/config/config.go:92.25,94.3 1 0
github.com/krinklesaurus/jwt_proxy/config/config.go:96.16,98.3 1 0
github.com/krinklesaurus/jwt_proxy/config/config.go:101.16,103.3 1 0
github.com/krinklesaurus/jwt_proxy/config/config.go:106.26,108.3 1 0
github.com/krinklesaurus/jwt_proxy/config/config.go:110.16,112.3 1 0
github.com/krinklesaurus/jwt_proxy/config/config.go:115.16,117.3 1 0
github.com/krinklesaurus/jwt_proxy/core/core.go:15.90,18.2 2 1
github.com/krinklesaurus/jwt_proxy/core/core.go:27.52,30.16 3 1
github.com/krinklesaurus/jwt_proxy/core/core.go:34.2,45.40 4 1
github.com/krinklesaurus/jwt_proxy/core/core.go:30.16,32.3 1 0
github.com/krinklesaurus/jwt_proxy/core/core.go:48.74,52.16 3 2
github.com/krinklesaurus/jwt_proxy/core/core.go:56.2,60.16 3 2
github.com/krinklesaurus/jwt_proxy/core/core.go:64.2,65.16 2 2
github.com/krinklesaurus/jwt_proxy/core/core.go:69.2,70.19 2 2
github.com/krinklesaurus/jwt_proxy/core/core.go:52.16,54.3 1 0
github.com/krinklesaurus/jwt_proxy/core/core.go:60.16,62.3 1 0
github.com/krinklesaurus/jwt_proxy/core/core.go:65.16,67.3 1 0
github.com/krinklesaurus/jwt_proxy/core/core.go:73.52,93.2 16 1
github.com/krinklesaurus/jwt_proxy/core/core.go:95.60,98.16 2 1
github.com/krinklesaurus/jwt_proxy/core/core.go:101.2,101.15 1 1
github.com/krinklesaurus/jwt_proxy/core/core.go:98.16,100.3 1 0
github.com/krinklesaurus/jwt_proxy/core/core.go:104.37,106.2 1 0
github.com/krinklesaurus/jwt_proxy/core/core.go:108.36,110.2 1 0
github.com/krinklesaurus/jwt_proxy/core/core.go:112.37,114.38 2 0
github.com/krinklesaurus/jwt_proxy/core/core.go:117.2,117.13 1 0
github.com/krinklesaurus/jwt_proxy/core/core.go:114.38,116.3 1 0
github.com/krinklesaurus/jwt_proxy/core/core.go:120.64,124.2 3 0
github.com/krinklesaurus/jwt_proxy/core/rsatokenizer.go:11.97,13.2 1 1
github.com/krinklesaurus/jwt_proxy/core/rsatokenizer.go:20.81,23.2 2 1
github.com/krinklesaurus/jwt_proxy/user/hashuserservice.go:16.97,26.2 5 1
github.com/krinklesaurus/jwt_proxy/user/hashuserservice.go:28.83,31.16 2 2
github.com/krinklesaurus/jwt_proxy/user/hashuserservice.go:35.2,36.16 2 2
github.com/krinklesaurus/jwt_proxy/user/hashuserservice.go:40.2,40.12 1 1
github.com/krinklesaurus/jwt_proxy/user/hashuserservice.go:31.16,33.3 1 0
github.com/krinklesaurus/jwt_proxy/user/hashuserservice.go:36.16,38.3 1 1
